<?xml version="1.0" encoding="UTF-8"?>
<!-- Generated by org.testng.reporters.JUnitXMLReporter -->
<testsuite ignored="0" hostname="DESKTOP-8R78QAV" failures="0" tests="3" name="All" time="14.82" errors="0" timestamp="2024-02-21T18:57:41 IST">
  <testcase classname="testSuites.Smoke" name="toCheckLogin2" time="5.634"/>
  <testcase classname="testSuites.Smoke" name="toCheckLogin3" time="4.441"/>
  <testcase classname="testSuites.Smoke" name="toCheckLogin1" time="4.549"/>
</testsuite> <!-- All -->
