<?xml version="1.0" encoding="UTF-8"?>
<!-- Generated by org.testng.reporters.JUnitXMLReporter -->
<testsuite ignored="0" hostname="DESKTOP-8R78QAV" failures="0" tests="3" name="All" time="15.997" errors="0" timestamp="2024-02-21T14:05:09 IST">
  <testcase classname="testSuites.Smoke" name="toCheckLogin2" time="7.429"/>
  <testcase classname="testSuites.Smoke" name="toCheckLogin3" time="4.302"/>
  <testcase classname="testSuites.Smoke" name="toCheckLogin1" time="4.195"/>
</testsuite> <!-- All -->
